#
# There is insufficient memory for the Java Runtime Environment to continue.
# Native memory allocation (malloc) failed to allocate 1396496 bytes for Chunk::new
# Possible reasons:
#   The system is out of physical RAM or swap space
#   The process is running with CompressedOops enabled, and the Java Heap may be blocking the growth of the native heap
# Possible solutions:
#   Reduce memory load on the system
#   Increase physical memory or swap space
#   Check if swap backing store is full
#   Decrease Java heap size (-Xmx/-Xms)
#   Decrease number of Java threads
#   Decrease Java thread stack sizes (-Xss)
#   Set larger code cache with -XX:ReservedCodeCacheSize=
#   JVM is running with Unscaled Compressed Oops mode in which the Java heap is
#     placed in the first 4GB address space. The Java Heap base address is the
#     maximum limit for the native heap growth. Please use -XX:HeapBaseMinAddress
#     to set the Java Heap base and to place the Java Heap above 4GB virtual address.
# This output file may be truncated or incomplete.
#
#  Out of Memory Error (allocation.cpp:389), pid=3800, tid=0x0000000000002344
#
# JRE version: OpenJDK Runtime Environment (8.0_202-b03) (build 1.8.0_202-release-1483-b03)
# Java VM: OpenJDK 64-Bit Server VM (25.202-b03 mixed mode windows-amd64 compressed oops)
# Failed to write core dump. Minidumps are not enabled by default on client versions of Windows
#

---------------  T H R E A D  ---------------

Current thread (0x00000000168ed000):  JavaThread "C2 CompilerThread1" daemon [_thread_in_native, id=9028, stack(0x0000000019660000,0x0000000019760000)]

Stack: [0x0000000019660000,0x0000000019760000]
[error occurred during error reporting (printing stack bounds), id 0xc0000005]

Native frames: (J=compiled Java code, j=interpreted, Vv=VM code, C=native code)


Current CompileTask:
C2:4270247 22282 %     4       com.android.tools.r8.ir.conversion.N::b @ 161 (4236 bytes)


---------------  P R O C E S S  ---------------

Java Threads: ( => current thread )
  0x000000001d451000 JavaThread "Cache worker for execution history cache (E:\WPS\myApp\.gradle\5.4.1\executionHistory)" [_thread_blocked, id=3424, stack(0x0000000028910000,0x0000000028a10000)]
  0x000000001d456800 JavaThread "Execution worker for ':' Thread 11" [_thread_blocked, id=15208, stack(0x0000000027fa0000,0x00000000280a0000)]
  0x000000001ca94800 JavaThread "Execution worker for ':' Thread 10" [_thread_in_Java, id=812, stack(0x0000000027ea0000,0x0000000027fa0000)]
  0x000000001ca94000 JavaThread "Execution worker for ':' Thread 9" [_thread_blocked, id=5544, stack(0x0000000027da0000,0x0000000027ea0000)]
  0x000000001ca95800 JavaThread "Execution worker for ':' Thread 8" [_thread_blocked, id=10508, stack(0x0000000027ca0000,0x0000000027da0000)]
  0x000000001ca96000 JavaThread "Execution worker for ':' Thread 7" [_thread_blocked, id=15060, stack(0x0000000027ba0000,0x0000000027ca0000)]
  0x000000001ca97000 JavaThread "Execution worker for ':' Thread 6" [_thread_in_native, id=9004, stack(0x0000000027aa0000,0x0000000027ba0000)]
  0x000000001ca8d000 JavaThread "Execution worker for ':' Thread 5" [_thread_blocked, id=15024, stack(0x00000000279a0000,0x0000000027aa0000)]
  0x000000001ca93000 JavaThread "Execution worker for ':' Thread 4" [_thread_blocked, id=1524, stack(0x00000000278a0000,0x00000000279a0000)]
  0x000000001ca92800 JavaThread "Execution worker for ':' Thread 3" [_thread_blocked, id=5408, stack(0x00000000277a0000,0x00000000278a0000)]
  0x000000001ca8c000 JavaThread "Execution worker for ':' Thread 2" [_thread_blocked, id=11560, stack(0x00000000276a0000,0x00000000277a0000)]
  0x000000001ca8a800 JavaThread "Execution worker for ':'" [_thread_blocked, id=1196, stack(0x00000000273a0000,0x00000000274a0000)]
  0x000000001ca8b800 JavaThread "Cache worker for file content cache (E:\WPS\myApp\.gradle\5.4.1\fileContent)" [_thread_blocked, id=4676, stack(0x00000000270a0000,0x00000000271a0000)]
  0x000000001ca91800 JavaThread "Cache worker for Build Output Cleanup Cache (E:\WPS\myApp\.gradle\buildOutputCleanup)" [_thread_blocked, id=4348, stack(0x0000000026fa0000,0x00000000270a0000)]
  0x000000001ca8d800 JavaThread "Build operations Thread 12" [_thread_blocked, id=14940, stack(0x0000000026ea0000,0x0000000026fa0000)]
  0x000000001ca89000 JavaThread "Build operations Thread 11" [_thread_blocked, id=15324, stack(0x00000000255d0000,0x00000000256d0000)]
  0x000000001ca88800 JavaThread "Build operations Thread 10" [_thread_blocked, id=10632, stack(0x00000000252b0000,0x00000000253b0000)]
  0x000000001ca8f800 JavaThread "Build operations Thread 9" [_thread_blocked, id=8016, stack(0x00000000251b0000,0x00000000252b0000)]
  0x000000001e5b7000 JavaThread "Build operations Thread 8" [_thread_blocked, id=4960, stack(0x0000000023aa0000,0x0000000023ba0000)]
  0x000000001e5b7800 JavaThread "Build operations Thread 7" [_thread_blocked, id=8292, stack(0x0000000023880000,0x0000000023980000)]
  0x000000001e5b9000 JavaThread "Build operations Thread 6" [_thread_blocked, id=9776, stack(0x0000000023780000,0x0000000023880000)]
  0x000000001e5ba000 JavaThread "Build operations Thread 5" [_thread_blocked, id=14172, stack(0x0000000023680000,0x0000000023780000)]
  0x000000001e5b6000 JavaThread "Build operations Thread 4" [_thread_blocked, id=14496, stack(0x0000000023580000,0x0000000023680000)]
  0x000000001e5b8800 JavaThread "Build operations Thread 3" [_thread_blocked, id=2968, stack(0x0000000023480000,0x0000000023580000)]
  0x000000001e5b5800 JavaThread "Build operations Thread 2" [_thread_blocked, id=3528, stack(0x0000000023120000,0x0000000023220000)]
  0x000000001e5ae000 JavaThread "Build operations" [_thread_blocked, id=14420, stack(0x00000000200e0000,0x00000000201e0000)]
  0x000000001e5b4800 JavaThread "Cache worker for cache directory md-rule (C:\Users\41708\.gradle\caches\5.4.1\md-rule)" [_thread_blocked, id=3660, stack(0x000000001fb50000,0x000000001fc50000)]
  0x000000001e5b0000 JavaThread "Cache worker for cache directory md-supplier (C:\Users\41708\.gradle\caches\5.4.1\md-supplier)" [_thread_blocked, id=3788, stack(0x000000001fa50000,0x000000001fb50000)]
  0x000000001e5af800 JavaThread "Cache worker for file hash cache (E:\WPS\myApp\.gradle\5.4.1\fileHashes)" [_thread_blocked, id=14684, stack(0x000000001c0e0000,0x000000001c1e0000)]
  0x000000001e5b4000 JavaThread "Thread-416" [_thread_in_Java, id=14340, stack(0x000000001bfe0000,0x000000001c0e0000)]
  0x000000001e5ad000 JavaThread "Stdin handler" [_thread_blocked, id=4988, stack(0x000000001bee0000,0x000000001bfe0000)]
  0x000000001e5ae800 JavaThread "Asynchronous log dispatcher for DefaultDaemonConnection: socket connection from /127.0.0.1:53976 to /127.0.0.1:56169" [_thread_blocked, id=11784, stack(0x000000001bde0000,0x000000001bee0000)]
  0x000000001e5b3000 JavaThread "Daemon worker Thread 9" [_thread_blocked, id=12788, stack(0x000000001bce0000,0x000000001bde0000)]
  0x000000001e5ac800 JavaThread "Cancel handler" [_thread_blocked, id=15168, stack(0x000000001b9e0000,0x000000001bae0000)]
  0x000000001e5ab800 JavaThread "Handler for socket connection from /127.0.0.1:53976 to /127.0.0.1:56169" [_thread_in_native, id=9060, stack(0x000000001b8e0000,0x000000001b9e0000)]
  0x000000001e5b2800 JavaThread "Daemon Thread 9" [_thread_blocked, id=15200, stack(0x0000000000960000,0x0000000000a60000)]
  0x000000001e5ab000 JavaThread "MarlinRenderer Disposer" daemon [_thread_blocked, id=15116, stack(0x0000000029460000,0x0000000029560000)]
  0x000000001e5b1000 JavaThread "Java2D Disposer" daemon [_thread_blocked, id=14892, stack(0x0000000029360000,0x0000000029460000)]
  0x000000001ca90000 JavaThread "Cache worker for file content cache (C:\Users\41708\.gradle\caches\5.4.1\fileContent)" [_thread_blocked, id=2704, stack(0x00000000258d0000,0x00000000259d0000)]
  0x000000001d45e800 JavaThread "Memory manager" [_thread_blocked, id=10568, stack(0x00000000249e0000,0x0000000024ae0000)]
  0x000000001d452000 JavaThread "Cache worker for execution history cache (C:\Users\41708\.gradle\caches\5.4.1\executionHistory)" [_thread_blocked, id=1904, stack(0x0000000022820000,0x0000000022920000)]
  0x0000000019b9d000 JavaThread "Cache worker for journal cache (C:\Users\41708\.gradle\caches\journal-1)" [_thread_blocked, id=14760, stack(0x000000001c5e0000,0x000000001c6e0000)]
  0x0000000019b9c000 JavaThread "File lock request listener" [_thread_in_native, id=14908, stack(0x000000001c4e0000,0x000000001c5e0000)]
  0x0000000019b9b800 JavaThread "Cache worker for file hash cache (C:\Users\41708\.gradle\caches\5.4.1\fileHashes)" [_thread_blocked, id=13680, stack(0x000000001c1e0000,0x000000001c2e0000)]
  0x0000000019dee800 JavaThread "Daemon periodic checks" [_thread_blocked, id=12492, stack(0x000000001b7e0000,0x000000001b8e0000)]
  0x0000000019dd5000 JavaThread "Incoming local TCP Connector on port 53976" [_thread_in_native, id=9812, stack(0x000000001b630000,0x000000001b730000)]
  0x000000001ab55800 JavaThread "Daemon health stats" [_thread_blocked, id=10780, stack(0x000000001b330000,0x000000001b430000)]
  0x0000000018041800 JavaThread "Service Thread" daemon [_thread_blocked, id=2056, stack(0x0000000019960000,0x0000000019a60000)]
  0x000000001801f000 JavaThread "C1 CompilerThread3" daemon [_thread_blocked, id=7292, stack(0x0000000019860000,0x0000000019960000)]
  0x00000000168ee000 JavaThread "C2 CompilerThread2" daemon [_thread_in_native, id=14964, stack(0x0000000019760000,0x0000000019860000)]
=>0x00000000168ed000 JavaThread "C2 CompilerThread1" daemon [_thread_in_native, id=9028, stack(0x0000000019660000,0x0000000019760000)]
  0x0000000018019800 JavaThread "C2 CompilerThread0" daemon [_thread_in_native, id=4388, stack(0x0000000019560000,0x0000000019660000)]
  0x0000000017fc4000 JavaThread "Attach Listener" daemon [_thread_blocked, id=8824, stack(0x0000000019460000,0x0000000019560000)]
  0x0000000017fc3000 JavaThread "Signal Dispatcher" daemon [_thread_blocked, id=11460, stack(0x0000000019360000,0x0000000019460000)]
  0x0000000017fa3000 JavaThread "Finalizer" daemon [_thread_blocked, id=9456, stack(0x0000000019200000,0x0000000019300000)]
  0x00000000168dc800 JavaThread "Reference Handler" daemon [_thread_blocked, id=3220, stack(0x0000000019100000,0x0000000019200000)]
  0x0000000000b6d800 JavaThread "main" [_thread_blocked, id=9872, stack(0x0000000002720000,0x0000000002820000)]

Other Threads:
  0x00000000168d4800 VMThread [stack: 0x0000000019000000,0x0000000019100000] [id=11552]
  0x0000000018042800 WatcherThread [stack: 0x0000000019a60000,0x0000000019b60000] [id=256]

VM state:not at safepoint (normal execution)

VM Mutex/Monitor currently owned by a thread: None

heap address: 0x00000000a0000000, size: 1536 MB, Compressed Oops mode: 32-bit
Narrow klass base: 0x0000000000000000, Narrow klass shift: 3
Compressed class space size: 1073741824 Address: 0x0000000100000000

Heap:
 PSYoungGen      total 474624K, used 100213K [0x00000000e0000000, 0x00000000ffe80000, 0x0000000100000000)
  eden space 428544K, 21% used [0x00000000e0000000,0x00000000e59c8c78,0x00000000fa280000)
  from space 46080K, 17% used [0x00000000fd180000,0x00000000fd994a58,0x00000000ffe80000)
  to   space 47104K, 0% used [0x00000000fa280000,0x00000000fa280000,0x00000000fd080000)
 ParOldGen       total 202240K, used 93460K [0x00000000a0000000, 0x00000000ac580000, 0x00000000e0000000)
  object space 202240K, 46% used [0x00000000a0000000,0x00000000a5b452f8,0x00000000ac580000)
 Metaspace       used 96025K, capacity 100859K, committed 102976K, reserved 1138688K
  class space    used 12212K, capacity 13190K, committed 13696K, reserved 1048576K

Card table byte_map: [0x0000000011ce0000,0x0000000011ff0000] byte_map_base: 0x00000000117e0000

Marking Bits: (ParMarkBitMap*) 0x000000006d499f30
 Begin Bits: [0x0000000012bf0000, 0x00000000143f0000)
 End Bits:   [0x00000000143f0000, 0x0000000015bf0000)

Polling page: 0x00000000001d0000

CodeCache: size=245760Kb used=63501Kb max_used=63501Kb free=182258Kb
 bounds [0x0000000002920000, 0x0000000006780000, 0x0000000011920000]
 total_blobs=19036 nmethods=18033 adapters=912
 compilation: enabled

Compilation events (10 events):
Event: 4269.944 Thread 0x000000001801f000 22928       2       com.android.tools.r8.dex.c::c (181 bytes)
Event: 4269.946 Thread 0x000000001801f000 nmethod 22928 0x0000000006771a10 code [0x0000000006771ce0, 0x0000000006772598]
Event: 4269.946 Thread 0x000000001801f000 22929       2       com.android.tools.r8.graph.ClassAccessFlags::t (23 bytes)
Event: 4269.946 Thread 0x000000001801f000 nmethod 22929 0x0000000006773250 code [0x00000000067733a0, 0x0000000006773530]
Event: 4269.946 Thread 0x000000001801f000 22930       2       com.android.tools.r8.dex.e::c (54 bytes)
Event: 4269.946 Thread 0x000000001801f000 nmethod 22930 0x00000000067735d0 code [0x0000000006773760, 0x0000000006773968]
Event: 4269.946 Thread 0x000000001801f000 22931       2       com.android.tools.r8.dex.e::b (10 bytes)
Event: 4269.946 Thread 0x000000001801f000 nmethod 22931 0x0000000006773a90 code [0x0000000006773c00, 0x0000000006773d68]
Event: 4270.080 Thread 0x000000001801f000 22932       2       java.util.concurrent.ConcurrentHashMap$KeySetView::contains (9 bytes)
Event: 4270.081 Thread 0x000000001801f000 nmethod 22932 0x0000000006773e10 code [0x0000000006773f80, 0x0000000006774108]

GC Heap History (10 events):
Event: 4265.389 GC heap before
{Heap before GC invocations=36 (full 4):
 PSYoungGen      total 325632K, used 310107K [0x00000000e0000000, 0x00000000fae80000, 0x0000000100000000)
  eden space 277504K, 100% used [0x00000000e0000000,0x00000000f0f00000,0x00000000f0f00000)
  from space 48128K, 67% used [0x00000000f0f00000,0x00000000f2ed6e70,0x00000000f3e00000)
  to   space 49664K, 0% used [0x00000000f7e00000,0x00000000f7e00000,0x00000000fae80000)
 ParOldGen       total 202240K, used 58777K [0x00000000a0000000, 0x00000000ac580000, 0x00000000e0000000)
  object space 202240K, 29% used [0x00000000a0000000,0x00000000a3966790,0x00000000ac580000)
 Metaspace       used 95648K, capacity 100429K, committed 102464K, reserved 1138688K
  class space    used 12209K, capacity 13187K, committed 13696K, reserved 1048576K
Event: 4265.463 GC heap after
Heap after GC invocations=36 (full 4):
 PSYoungGen      total 389632K, used 32736K [0x00000000e0000000, 0x00000000faf00000, 0x0000000100000000)
  eden space 339968K, 0% used [0x00000000e0000000,0x00000000e0000000,0x00000000f4c00000)
  from space 49664K, 65% used [0x00000000f7e00000,0x00000000f9df83a8,0x00000000fae80000)
  to   space 50688K, 0% used [0x00000000f4c00000,0x00000000f4c00000,0x00000000f7d80000)
 ParOldGen       total 202240K, used 62057K [0x00000000a0000000, 0x00000000ac580000, 0x00000000e0000000)
  object space 202240K, 30% used [0x00000000a0000000,0x00000000a3c9a588,0x00000000ac580000)
 Metaspace       used 95648K, capacity 100429K, committed 102464K, reserved 1138688K
  class space    used 12209K, capacity 13187K, committed 13696K, reserved 1048576K
}
Event: 4265.910 GC heap before
{Heap before GC invocations=37 (full 4):
 PSYoungGen      total 389632K, used 372703K [0x00000000e0000000, 0x00000000faf00000, 0x0000000100000000)
  eden space 339968K, 99% used [0x00000000e0000000,0x00000000f4bff9a0,0x00000000f4c00000)
  from space 49664K, 65% used [0x00000000f7e00000,0x00000000f9df83a8,0x00000000fae80000)
  to   space 50688K, 0% used [0x00000000f4c00000,0x00000000f4c00000,0x00000000f7d80000)
 ParOldGen       total 202240K, used 62057K [0x00000000a0000000, 0x00000000ac580000, 0x00000000e0000000)
  object space 202240K, 30% used [0x00000000a0000000,0x00000000a3c9a588,0x00000000ac580000)
 Metaspace       used 95781K, capacity 100565K, committed 102720K, reserved 1138688K
  class space    used 12209K, capacity 13187K, committed 13696K, reserved 1048576K
Event: 4265.961 GC heap after
Heap after GC invocations=37 (full 4):
 PSYoungGen      total 390656K, used 27677K [0x00000000e0000000, 0x00000000feb00000, 0x0000000100000000)
  eden space 339968K, 0% used [0x00000000e0000000,0x00000000e0000000,0x00000000f4c00000)
  from space 50688K, 54% used [0x00000000f4c00000,0x00000000f6707698,0x00000000f7d80000)
  to   space 49664K, 0% used [0x00000000fba80000,0x00000000fba80000,0x00000000feb00000)
 ParOldGen       total 202240K, used 66068K [0x00000000a0000000, 0x00000000ac580000, 0x00000000e0000000)
  object space 202240K, 32% used [0x00000000a0000000,0x00000000a40853d0,0x00000000ac580000)
 Metaspace       used 95781K, capacity 100565K, committed 102720K, reserved 1138688K
  class space    used 12209K, capacity 13187K, committed 13696K, reserved 1048576K
}
Event: 4266.626 GC heap before
{Heap before GC invocations=38 (full 4):
 PSYoungGen      total 390656K, used 367645K [0x00000000e0000000, 0x00000000feb00000, 0x0000000100000000)
  eden space 339968K, 100% used [0x00000000e0000000,0x00000000f4c00000,0x00000000f4c00000)
  from space 50688K, 54% used [0x00000000f4c00000,0x00000000f6707698,0x00000000f7d80000)
  to   space 49664K, 0% used [0x00000000fba80000,0x00000000fba80000,0x00000000feb00000)
 ParOldGen       total 202240K, used 66068K [0x00000000a0000000, 0x00000000ac580000, 0x00000000e0000000)
  object space 202240K, 32% used [0x00000000a0000000,0x00000000a40853d0,0x00000000ac580000)
 Metaspace       used 95907K, capacity 100701K, committed 102720K, reserved 1138688K
  class space    used 12210K, capacity 13187K, committed 13696K, reserved 1048576K
Event: 4266.650 GC heap after
Heap after GC invocations=38 (full 4):
 PSYoungGen      total 444928K, used 18025K [0x00000000e0000000, 0x00000000fe580000, 0x0000000100000000)
  eden space 400896K, 0% used [0x00000000e0000000,0x00000000e0000000,0x00000000f8780000)
  from space 44032K, 40% used [0x00000000fba80000,0x00000000fcc1a4b0,0x00000000fe580000)
  to   space 48128K, 0% used [0x00000000f8780000,0x00000000f8780000,0x00000000fb680000)
 ParOldGen       total 202240K, used 72241K [0x00000000a0000000, 0x00000000ac580000, 0x00000000e0000000)
  object space 202240K, 35% used [0x00000000a0000000,0x00000000a468c6d0,0x00000000ac580000)
 Metaspace       used 95907K, capacity 100701K, committed 102720K, reserved 1138688K
  class space    used 12210K, capacity 13187K, committed 13696K, reserved 1048576K
}
Event: 4267.279 GC heap before
{Heap before GC invocations=39 (full 4):
 PSYoungGen      total 444928K, used 418921K [0x00000000e0000000, 0x00000000fe580000, 0x0000000100000000)
  eden space 400896K, 100% used [0x00000000e0000000,0x00000000f8780000,0x00000000f8780000)
  from space 44032K, 40% used [0x00000000fba80000,0x00000000fcc1a4b0,0x00000000fe580000)
  to   space 48128K, 0% used [0x00000000f8780000,0x00000000f8780000,0x00000000fb680000)
 ParOldGen       total 202240K, used 72241K [0x00000000a0000000, 0x00000000ac580000, 0x00000000e0000000)
  object space 202240K, 35% used [0x00000000a0000000,0x00000000a468c6d0,0x00000000ac580000)
 Metaspace       used 95954K, capacity 100791K, committed 102976K, reserved 1138688K
  class space    used 12212K, capacity 13190K, committed 13696K, reserved 1048576K
Event: 4267.301 GC heap after
Heap after GC invocations=39 (full 4):
 PSYoungGen      total 449024K, used 11894K [0x00000000e0000000, 0x0000000100000000, 0x0000000100000000)
  eden space 400896K, 0% used [0x00000000e0000000,0x00000000e0000000,0x00000000f8780000)
  from space 48128K, 24% used [0x00000000f8780000,0x00000000f931d8f8,0x00000000fb680000)
  to   space 47616K, 0% used [0x00000000fd180000,0x00000000fd180000,0x0000000100000000)
 ParOldGen       total 202240K, used 83322K [0x00000000a0000000, 0x00000000ac580000, 0x00000000e0000000)
  object space 202240K, 41% used [0x00000000a0000000,0x00000000a515ebe8,0x00000000ac580000)
 Metaspace       used 95954K, capacity 100791K, committed 102976K, reserved 1138688K
  class space    used 12212K, capacity 13190K, committed 13696K, reserved 1048576K
}
Event: 4268.755 GC heap before
{Heap before GC invocations=40 (full 4):
 PSYoungGen      total 449024K, used 412790K [0x00000000e0000000, 0x0000000100000000, 0x0000000100000000)
  eden space 400896K, 100% used [0x00000000e0000000,0x00000000f8780000,0x00000000f8780000)
  from space 48128K, 24% used [0x00000000f8780000,0x00000000f931d8f8,0x00000000fb680000)
  to   space 47616K, 0% used [0x00000000fd180000,0x00000000fd180000,0x0000000100000000)
 ParOldGen       total 202240K, used 83322K [0x00000000a0000000, 0x00000000ac580000, 0x00000000e0000000)
  object space 202240K, 41% used [0x00000000a0000000,0x00000000a515ebe8,0x00000000ac580000)
 Metaspace       used 95982K, capacity 100795K, committed 102976K, reserved 1138688K
  class space    used 12212K, capacity 13190K, committed 13696K, reserved 1048576K
Event: 4268.887 GC heap after
Heap after GC invocations=40 (full 4):
 PSYoungGen      total 474624K, used 8274K [0x00000000e0000000, 0x00000000ffe80000, 0x0000000100000000)
  eden space 428544K, 0% used [0x00000000e0000000,0x00000000e0000000,0x00000000fa280000)
  from space 46080K, 17% used [0x00000000fd180000,0x00000000fd994a58,0x00000000ffe80000)
  to   space 47104K, 0% used [0x00000000fa280000,0x00000000fa280000,0x00000000fd080000)
 ParOldGen       total 202240K, used 93460K [0x00000000a0000000, 0x00000000ac580000, 0x00000000e0000000)
  object space 202240K, 46% used [0x00000000a0000000,0x00000000a5b452f8,0x00000000ac580000)
 Metaspace       used 95982K, capacity 100795K, committed 102976K, reserved 1138688K
  class space    used 12212K, capacity 13190K, committed 13696K, reserved 1048576K
}

Deoptimization events (10 events):
Event: 4265.078 Thread 0x000000001ca8d000 Uncommon trap: reason=class_check action=maybe_recompile pc=0x00000000050ac5ec method=com.android.tools.r8.ir.conversion.U.a(Lcom/android/tools/r8/ir/conversion/T;)Z @ 4
Event: 4265.078 Thread 0x000000001ca8d000 Uncommon trap: reason=class_check action=maybe_recompile pc=0x00000000050ac5ec method=com.android.tools.r8.ir.conversion.U.a(Lcom/android/tools/r8/ir/conversion/T;)Z @ 4
Event: 4265.078 Thread 0x000000001ca8d000 Uncommon trap: reason=class_check action=maybe_recompile pc=0x00000000050ac5ec method=com.android.tools.r8.ir.conversion.U.a(Lcom/android/tools/r8/ir/conversion/T;)Z @ 4
Event: 4265.157 Thread 0x000000001d456800 Uncommon trap: reason=unstable_if action=reinterpret pc=0x00000000056cbaac method=java.util.stream.StreamOpFlag.fromCharacteristics(Ljava/util/Spliterator;)I @ 19
Event: 4265.171 Thread 0x000000001d456800 Uncommon trap: reason=unstable_if action=reinterpret pc=0x0000000003594884 method=java.util.stream.StreamOpFlag.fromCharacteristics(Ljava/util/Spliterator;)I @ 19
Event: 4265.790 Thread 0x000000001ca8d000 Uncommon trap: reason=unstable_if action=reinterpret pc=0x0000000006488eec method=com.android.tools.r8.ir.conversion.IRBuilder.a(Ljava/util/List;Ljava/util/Set;Lcom/android/tools/r8/graph/DexType;Ljava/lang/Integer;)V @ 66
Event: 4266.988 Thread 0x000000001ca92800 Uncommon trap: reason=unstable_if action=reinterpret pc=0x000000000600b0dc method=com.android.tools.r8.ir.optimize.CodeRewriter.e(Lcom/android/tools/r8/ir/code/Instruction;)Z @ 27
Event: 4267.028 Thread 0x000000001ca92800 Uncommon trap: reason=class_check action=maybe_recompile pc=0x000000000455c558 method=com.android.tools.r8.ir.analysis.g.e.b(Lcom/android/tools/r8/ir/code/Instruction;)V @ 376
Event: 4267.056 Thread 0x000000001ca8d000 Uncommon trap: reason=class_check action=maybe_recompile pc=0x000000000659aef4 method=com.android.tools.r8.ir.optimize.g.a(Lcom/android/tools/r8/ir/code/IRCode;)V @ 218
Event: 4267.190 Thread 0x000000001ca92800 Uncommon trap: reason=unstable_if action=reinterpret pc=0x00000000065993f8 method=com.android.tools.r8.ir.code.Value.a(Lcom/android/tools/r8/graph/AppView;Lcom/android/tools/r8/ir/code/IRCode;Ljava/util/function/Predicate;Ljava/util/Set;)Z @ 144

Classes redefined (0 events):
No events

Internal exceptions (10 events):
Event: 4265.095 Thread 0x000000001ca92800 Exception <a 'sun/nio/fs/WindowsException'> (0x00000000ea166428) thrown at [D:\src\AOSP-openjdk-cygwin\jdk8u\hotspot\src\share\vm\prims\jni.cpp, line 710]
Event: 4265.123 Thread 0x000000001ca93000 Exception <a 'sun/nio/fs/WindowsException'> (0x00000000eb28de68) thrown at [D:\src\AOSP-openjdk-cygwin\jdk8u\hotspot\src\share\vm\prims\jni.cpp, line 710]
Event: 4265.182 Thread 0x000000001d456800 Exception <a 'sun/nio/fs/WindowsException'> (0x00000000ed6abd00) thrown at [D:\src\AOSP-openjdk-cygwin\jdk8u\hotspot\src\share\vm\prims\jni.cpp, line 710]
Event: 4265.359 Thread 0x000000001ca8a800 Exception <a 'sun/nio/fs/WindowsException'> (0x00000000ef8a05e0) thrown at [D:\src\AOSP-openjdk-cygwin\jdk8u\hotspot\src\share\vm\prims\jni.cpp, line 710]
Event: 4266.051 Thread 0x000000001ca94000 Exception <a 'sun/nio/fs/WindowsException'> (0x00000000e06e2d10) thrown at [D:\src\AOSP-openjdk-cygwin\jdk8u\hotspot\src\share\vm\prims\jni.cpp, line 710]
Event: 4266.252 Thread 0x000000001ca95800 Exception <a 'sun/nio/fs/WindowsException'> (0x00000000e6c2d890) thrown at [D:\src\AOSP-openjdk-cygwin\jdk8u\hotspot\src\share\vm\prims\jni.cpp, line 710]
Event: 4266.409 Thread 0x000000001e5b3000 Exception <a 'sun/nio/fs/WindowsException'> (0x00000000e9ebd618) thrown at [D:\src\AOSP-openjdk-cygwin\jdk8u\hotspot\src\share\vm\prims\jni.cpp, line 710]
Event: 4266.739 Thread 0x000000001ca94800 Exception <a 'sun/nio/fs/WindowsException'> (0x00000000e31c84d8) thrown at [D:\src\AOSP-openjdk-cygwin\jdk8u\hotspot\src\share\vm\prims\jni.cpp, line 710]
Event: 4267.827 Thread 0x000000001ca8d000 Exception <a 'sun/nio/fs/WindowsException'> (0x00000000ef79aee8) thrown at [D:\src\AOSP-openjdk-cygwin\jdk8u\hotspot\src\share\vm\prims\jni.cpp, line 710]
Event: 4269.968 Thread 0x000000001ca92800 Exception <a 'sun/nio/fs/WindowsException'> (0x00000000e5175420) thrown at [D:\src\AOSP-openjdk-cygwin\jdk8u\hotspot\src\share\vm\prims\jni.cpp, line 710]

Events (10 events):
Event: 4269.415 Thread 0x000000001ca92800 DEOPT PACKING pc=0x00000000057ae505 sp=0x000000002789ad80
Event: 4269.415 Thread 0x000000001ca92800 DEOPT UNPACKING pc=0x00000000029675d0 sp=0x000000002789aad0 mode 0
Event: 4269.422 Thread 0x000000001ca92800 DEOPT PACKING pc=0x0000000005be92e5 sp=0x000000002789b760
Event: 4269.422 Thread 0x000000001ca92800 DEOPT UNPACKING pc=0x00000000029675d0 sp=0x000000002789b548 mode 0
Event: 4269.485 Thread 0x000000001ca92800 DEOPT PACKING pc=0x0000000005b828e3 sp=0x000000002789b510
Event: 4269.485 Thread 0x000000001ca92800 DEOPT UNPACKING pc=0x00000000029675d0 sp=0x000000002789b390 mode 0
Event: 4269.862 Thread 0x000000001ca92800 DEOPT PACKING pc=0x0000000006406029 sp=0x000000002789be40
Event: 4269.862 Thread 0x000000001ca92800 DEOPT UNPACKING pc=0x00000000029675d0 sp=0x000000002789bc20 mode 0
Event: 4270.119 Executing VM operation: BulkRevokeBias
Event: 4270.133 Executing VM operation: BulkRevokeBias done


Dynamic libraries:
0x00007ff60a7b0000 - 0x00007ff60a7e1000 	E:\Android Studio\jre\bin\java.exe
0x00007ffbfeca0000 - 0x00007ffbfee90000 	C:\WINDOWS\SYSTEM32\ntdll.dll
0x00007ffbfcf50000 - 0x00007ffbfd002000 	C:\WINDOWS\System32\KERNEL32.DLL
0x00007ffbfc280000 - 0x00007ffbfc523000 	C:\WINDOWS\System32\KERNELBASE.dll
0x00007ffbf6700000 - 0x00007ffbf678f000 	C:\WINDOWS\SYSTEM32\apphelp.dll
0x00007ffbfeb30000 - 0x00007ffbfebd3000 	C:\WINDOWS\System32\ADVAPI32.dll
0x00007ffbfceb0000 - 0x00007ffbfcf4e000 	C:\WINDOWS\System32\msvcrt.dll
0x00007ffbfe400000 - 0x00007ffbfe497000 	C:\WINDOWS\System32\sechost.dll
0x00007ffbfea10000 - 0x00007ffbfeb30000 	C:\WINDOWS\System32\RPCRT4.dll
0x00007ffbfe870000 - 0x00007ffbfea04000 	C:\WINDOWS\System32\USER32.dll
0x00007ffbfbd80000 - 0x00007ffbfbda1000 	C:\WINDOWS\System32\win32u.dll
0x00007ffbfe4a0000 - 0x00007ffbfe4c6000 	C:\WINDOWS\System32\GDI32.dll
0x00007ffbfbdb0000 - 0x00007ffbfbf44000 	C:\WINDOWS\System32\gdi32full.dll
0x00007ffbfbfb0000 - 0x00007ffbfc04e000 	C:\WINDOWS\System32\msvcp_win.dll
0x00007ffbfc080000 - 0x00007ffbfc17a000 	C:\WINDOWS\System32\ucrtbase.dll
0x00007ffbeaf50000 - 0x00007ffbeb1d5000 	C:\WINDOWS\WinSxS\amd64_microsoft.windows.common-controls_6595b64144ccf1df_6.0.18362.535_none_e6c3b34713100821\COMCTL32.dll
0x00007ffbfe050000 - 0x00007ffbfe386000 	C:\WINDOWS\System32\combase.dll
0x00007ffbfc550000 - 0x00007ffbfc5d0000 	C:\WINDOWS\System32\bcryptPrimitives.dll
0x00007ffbfe4d0000 - 0x00007ffbfe4fe000 	C:\WINDOWS\System32\IMM32.DLL
0x000000006cab0000 - 0x000000006cb82000 	E:\Android Studio\jre\jre\bin\msvcr100.dll
0x000000006ccd0000 - 0x000000006d516000 	E:\Android Studio\jre\jre\bin\server\jvm.dll
0x00007ffbfe040000 - 0x00007ffbfe048000 	C:\WINDOWS\System32\PSAPI.DLL
0x00007ffbf47e0000 - 0x00007ffbf4804000 	C:\WINDOWS\SYSTEM32\WINMM.dll
0x00007ffbf0680000 - 0x00007ffbf068a000 	C:\WINDOWS\SYSTEM32\VERSION.dll
0x00007ffbde500000 - 0x00007ffbde509000 	C:\WINDOWS\SYSTEM32\WSOCK32.dll
0x00007ffbfe390000 - 0x00007ffbfe3ff000 	C:\WINDOWS\System32\WS2_32.dll
0x00007ffbf46c0000 - 0x00007ffbf46ed000 	C:\WINDOWS\SYSTEM32\WINMMBASE.dll
0x00007ffbfc180000 - 0x00007ffbfc1ca000 	C:\WINDOWS\System32\cfgmgr32.dll
0x00007ffbde4a0000 - 0x00007ffbde4af000 	E:\Android Studio\jre\jre\bin\verify.dll
0x00007ffbd6fc0000 - 0x00007ffbd6fe9000 	E:\Android Studio\jre\jre\bin\java.dll
0x00007ffbd22f0000 - 0x00007ffbd2306000 	E:\Android Studio\jre\jre\bin\zip.dll
0x00007ffbfd480000 - 0x00007ffbfdb65000 	C:\WINDOWS\System32\SHELL32.dll
0x00007ffbfdb70000 - 0x00007ffbfdc19000 	C:\WINDOWS\System32\shcore.dll
0x00007ffbfc5d0000 - 0x00007ffbfcd4f000 	C:\WINDOWS\System32\windows.storage.dll
0x00007ffbfbc10000 - 0x00007ffbfbc2f000 	C:\WINDOWS\System32\profapi.dll
0x00007ffbfbbc0000 - 0x00007ffbfbc0a000 	C:\WINDOWS\System32\powrprof.dll
0x00007ffbfbb70000 - 0x00007ffbfbb80000 	C:\WINDOWS\System32\UMPDC.dll
0x00007ffbfdfd0000 - 0x00007ffbfe022000 	C:\WINDOWS\System32\shlwapi.dll
0x00007ffbfbba0000 - 0x00007ffbfbbb1000 	C:\WINDOWS\System32\kernel.appcore.dll
0x00007ffbfc530000 - 0x00007ffbfc547000 	C:\WINDOWS\System32\cryptsp.dll
0x00007ffbd2180000 - 0x00007ffbd219a000 	E:\Android Studio\jre\jre\bin\net.dll
0x00007ffbfb3e0000 - 0x00007ffbfb447000 	C:\WINDOWS\system32\mswsock.dll
0x00007ffbd20f0000 - 0x00007ffbd2101000 	E:\Android Studio\jre\jre\bin\nio.dll
0x00007ffbf3530000 - 0x00007ffbf3556000 	C:\Users\41708\.gradle\native\29\windows-amd64\native-platform.dll
0x00007ffbd2c50000 - 0x00007ffbd2c5d000 	E:\Android Studio\jre\jre\bin\management.dll
0x00007ffbfaf50000 - 0x00007ffbfaf83000 	C:\WINDOWS\system32\rsaenh.dll
0x00007ffbfc050000 - 0x00007ffbfc076000 	C:\WINDOWS\System32\bcrypt.dll
0x00007ffbfba60000 - 0x00007ffbfba85000 	C:\WINDOWS\SYSTEM32\USERENV.dll
0x00007ffbfb5b0000 - 0x00007ffbfb5bc000 	C:\WINDOWS\SYSTEM32\CRYPTBASE.dll
0x00007ffbfb0f0000 - 0x00007ffbfb12a000 	C:\WINDOWS\SYSTEM32\IPHLPAPI.DLL
0x00007ffbfdcf0000 - 0x00007ffbfdcf8000 	C:\WINDOWS\System32\NSI.dll
0x00007ffbf0660000 - 0x00007ffbf0676000 	C:\WINDOWS\SYSTEM32\dhcpcsvc6.DLL
0x00007ffbf10c0000 - 0x00007ffbf10dc000 	C:\WINDOWS\SYSTEM32\dhcpcsvc.DLL
0x00007ffbfb130000 - 0x00007ffbfb1fa000 	C:\WINDOWS\SYSTEM32\DNSAPI.dll
0x00007ffbcbd30000 - 0x00007ffbcbd54000 	E:\Android Studio\jre\jre\bin\sunec.dll
0x00007ffbf0650000 - 0x00007ffbf065a000 	C:\Windows\System32\rasadhlp.dll
0x00007ffbeefa0000 - 0x00007ffbef017000 	C:\WINDOWS\System32\fwpuclnt.dll
0x00007ffbd16e0000 - 0x00007ffbd16eb000 	E:\Android Studio\jre\jre\bin\sunmscapi.dll
0x00007ffbfbc30000 - 0x00007ffbfbd79000 	C:\WINDOWS\System32\CRYPT32.dll
0x00007ffbfbb80000 - 0x00007ffbfbb92000 	C:\WINDOWS\System32\MSASN1.dll
0x00007ffbcbb60000 - 0x00007ffbcbcfc000 	E:\Android Studio\jre\jre\bin\awt.dll
0x00007ffbfdc20000 - 0x00007ffbfdce4000 	C:\WINDOWS\System32\OLEAUT32.dll
0x00007ffbf9f70000 - 0x00007ffbf9f9d000 	C:\WINDOWS\SYSTEM32\dwmapi.dll
0x00007ffbf5570000 - 0x00007ffbf5b30000 	C:\WINDOWS\SYSTEM32\d2d1.dll
0x00007ffbf67f0000 - 0x00007ffbf6889000 	C:\WINDOWS\system32\uxtheme.dll
0x00007ffbfabd0000 - 0x00007ffbfac01000 	C:\WINDOWS\SYSTEM32\ntmarta.dll

VM Arguments:
jvm_args: -Xmx1536m -Dfile.encoding=GBK -Duser.country=CN -Duser.language=zh -Duser.variant 
java_command: org.gradle.launcher.daemon.bootstrap.GradleDaemon 5.4.1
java_class_path (initial): C:\Users\41708\.gradle\wrapper\dists\gradle-5.4.1-all\3221gyojl5jsh0helicew7rwx\gradle-5.4.1\lib\gradle-launcher-5.4.1.jar
Launcher Type: SUN_STANDARD

Environment Variables:
PATH=C:\Windows\system32;C:\Windows;C:\Windows\System32\Wbem;C:\Windows\System32\WindowsPowerShell\v1.0\;C:\Windows\System32\OpenSSH\;C:\Program Files (x86)\NVIDIA Corporation\PhysX\Common;C:\Program Files\NVIDIA Corporation\NVIDIA NvDLISR;C:\WINDOWS\system32;C:\WINDOWS;C:\WINDOWS\System32\Wbem;C:\WINDOWS\System32\WindowsPowerShell\v1.0\;C:\WINDOWS\System32\OpenSSH\;C:\Users\41708\AppData\Local\Microsoft\WindowsApps;
USERNAME=Youzi
OS=Windows_NT
PROCESSOR_IDENTIFIER=Intel64 Family 6 Model 158 Stepping 10, GenuineIntel



---------------  S Y S T E M  ---------------

OS: Windows 10.0 , 64 bit Build 18362 (10.0.18362.329)

CPU:total 12 (initial active 12) (6 cores per cpu, 2 threads per core) family 6 model 158 stepping 10, cmov, cx8, fxsr, mmx, sse, sse2, sse3, ssse3, sse4.1, sse4.2, popcnt, avx, avx2, aes, clmul, erms, 3dnowpref, lzcnt, ht, tsc, tscinvbit, bmi1, bmi2, adx

Memory: 4k page, physical 8163984k(328632k free), swap 16038412k(8852k free)

vm_info: OpenJDK 64-Bit Server VM (25.202-b03) for windows-amd64 JRE (1.8.0_202-release-1483-b03), built by "builder" with MS VC++ 10.0 (VS2010)

time: Sat Dec 14 13:10:09 2019
timezone: 中国标准时间
elapsed time: 4270 seconds (0d 1h 11m 10s)

